<!DOCTYPE html PUBLIC "-//W3C//DTD XHTML 1.1//EN" "https://www.w3.org/TR/xhtml11/DTD/xhtml11.dtd">
<html xmlns="https://www.w3.org/1999/xhtml">
<head>
<meta http-equiv="content-type" content="text/html; charset=UTF-8"/>
<title>TestNG Report</title>
<style type="text/css">table {margin-bottom:10px;border-collapse:collapse;empty-cells:show}th,td {border:1px solid #009;padding:.25em .5em}th {vertical-align:bottom}td {vertical-align:top}table a {font-weight:bold}.stripe td {background-color: #E6EBF9}.num {text-align:right}.passedodd td {background-color: #3F3}.passedeven td {background-color: #0A0}.skippedodd td {background-color: #DDD}.skippedeven td {background-color: #CCC}.failedodd td,.attn {background-color: #F33}.failedeven td,.stripe .attn {background-color: #D00}.stacktrace {white-space:pre;font-family:monospace}.totop {font-size:85%;text-align:center;border-bottom:2px solid #000}.invisible {display:none}</style>
</head>
<body>
<table>
<tr><th>Test</th><th># Passed</th><th># Skipped</th><th># Retried</th><th># Failed</th><th>Time (ms)</th><th>Included Groups</th><th>Excluded Groups</th></tr>
<tr><th colspan="8">ACG Test Suite</th></tr>
<tr><td><a href="#t0">Tests</a></td><td class="num">2</td><td class="num">0</td><td class="num attn">1</td><td class="num attn">1</td><td class="num">58.226</td><td></td><td></td></tr>
</table>
<table id='summary'><thead><tr><th>Class</th><th>Method</th><th>Start</th><th>Time (ms)</th></tr></thead><tbody><tr><th colspan="4">ACG Test Suite</th></tr></tbody><tbody id="t0"><tr><th colspan="4">Tests &#8212; failed</th></tr><tr class="failedeven"><td rowspan="1">tests.LoginTests</td><td><a href="#m0">succesfullLoginTest</a></td><td rowspan="1">1654743167452</td><td rowspan="1">11892</td></tr><tr><th colspan="4">Tests &#8212; retried</th></tr><tr class="retriedeven"><td rowspan="1">tests.LoginTests</td><td><a href="#m1">succesfullLoginTest</a></td><td rowspan="1">1654743151244</td><td rowspan="1">16104</td></tr><tr><th colspan="4">Tests &#8212; passed</th></tr><tr class="passedeven"><td rowspan="1">tests.HomeTests</td><td><a href="#m2">validHomeTest_validHomePage</a></td><td rowspan="1">1654743142847</td><td rowspan="1">5627</td></tr><tr class="passedodd"><td rowspan="1">tests.SearchTests</td><td><a href="#m3">succesSearchTest</a></td><td rowspan="1">1654743182157</td><td rowspan="1">14511</td></tr></tbody>
</table>
<h2>Tests</h2><h3 id="m0">tests.LoginTests#succesfullLoginTest</h3><table class="result"><tr class="param"><th>Parameter #1</th></tr><tr class="param stripe"><td>public void tests.LoginTests.succesfullLoginTest(java.lang.reflect.Method) throws java.lang.InterruptedException</td></tr><tr><th>Exception</th></tr><tr><td><div class="stacktrace">org.openqa.selenium.TimeoutException: Expected condition failed: waiting for visibility of element located by By.id: didomi-notice-agree-button (tried for 10 second(s) with 500 milliseconds interval)
Build info: version: &apos;4.2.1&apos;, revision: &apos;ac4d0fdd4a&apos;
System info: host: &apos;guille&apos;, ip: &apos;192.168.0.151&apos;, os.name: &apos;Linux&apos;, os.arch: &apos;amd64&apos;, os.version: &apos;5.4.0-110-generic&apos;, java.version: &apos;11.0.15&apos;
Driver info: org.openqa.selenium.firefox.FirefoxDriver
Capabilities {acceptInsecureCerts: true, browserName: firefox, browserVersion: 100.0, moz:accessibilityChecks: false, moz:buildID: 20220428192727, moz:debuggerAddress: localhost:60816, moz:geckodriverVersion: 0.31.0, moz:headless: false, moz:processID: 27951, moz:profile: /tmp/rust_mozprofilecaqpla, moz:shutdownTimeout: 60000, moz:useNonSpecCompliantPointerOrigin: false, moz:webdriverClick: true, pageLoadStrategy: normal, platformName: LINUX, platformVersion: 5.4.0-110-generic, proxy: Proxy(), se:cdp: ws://localhost:60816/devtoo..., se:cdpVersion: 85.0, setWindowRect: true, strictFileInteractability: false, timeouts: {implicit: 0, pageLoad: 300000, script: 30000}, unhandledPromptBehavior: dismiss and notify}
Session ID: a08b7e49-987a-455a-afe6-cb95256b1ac8
	at org.openqa.selenium.support.ui.WebDriverWait.timeoutException(WebDriverWait.java:87)
	at org.openqa.selenium.support.ui.FluentWait.until(FluentWait.java:231)
	at pages.Start.waitVisibility(Start.java:41)
	at pages.Start.click(Start.java:22)
	at pages.HomePage.goToBarceloHotel(HomePage.java:43)
	at tests.LoginTests.succesfullLoginTest(LoginTests.java:24)
	at java.base/java.util.ArrayList.forEach(ArrayList.java:1541)
... Removed 27 stack frames</div></td></tr></table><p class="totop"><a href="#summary">back to summary</a></p>
<h3 id="m1">tests.LoginTests#succesfullLoginTest</h3><table class="result"><tr class="param"><th>Parameter #1</th></tr><tr class="param stripe"><td>public void tests.LoginTests.succesfullLoginTest(java.lang.reflect.Method) throws java.lang.InterruptedException</td></tr><tr><th>Exception</th></tr><tr><td><div class="stacktrace">java.lang.AssertionError: expected:&lt;Login&gt; but was:&lt;Guillermo&gt;
	at pages.LoginPage.verifyLogin(LoginPage.java:46)
	at tests.LoginTests.succesfullLoginTest(LoginTests.java:25)
	at java.base/java.util.ArrayList.forEach(ArrayList.java:1541)
... Removed 29 stack frames</div></td></tr></table><p class="totop"><a href="#summary">back to summary</a></p>
<h3 id="m2">tests.HomeTests#validHomeTest_validHomePage</h3><table class="result"><tr class="param"><th>Parameter #1</th></tr><tr class="param stripe"><td>public void tests.HomeTests.validHomeTest_validHomePage(java.lang.reflect.Method)</td></tr></table><p class="totop"><a href="#summary">back to summary</a></p>
<h3 id="m3">tests.SearchTests#succesSearchTest</h3><table class="result"><tr class="param"><th>Parameter #1</th></tr><tr class="param stripe"><td>public void tests.SearchTests.succesSearchTest(java.lang.reflect.Method) throws java.lang.InterruptedException</td></tr></table><p class="totop"><a href="#summary">back to summary</a></p>
</body>
</html>
