<?xml version="1.0" encoding="UTF-8"?>
<!-- Generated by org.testng.reporters.JUnitXMLReporter -->
<testsuite ignored="0" hostname="guille" failures="1" tests="4" name="Tests" time="58.226" errors="0" timestamp="2022-06-09T04:53:17 CEST">
  <testcase classname="tests.HomeTests" name="validHomeTest_validHomePage" time="5.627"/>
  <testcase classname="tests.LoginTests" name="succesfullLoginTest" time="16.104">
    <skipped/>
  </testcase> <!-- succesfullLoginTest -->
  <testcase classname="tests.LoginTests" name="succesfullLoginTest" time="11.892">
    <failure type="org.openqa.selenium.TimeoutException" message="Expected condition failed: waiting for visibility of element located by By.id: didomi-notice-agree-button (tried for 10 second(s) with 500 milliseconds interval)
Build info: version: &amp;apos;4.2.1&amp;apos;, revision: &amp;apos;ac4d0fdd4a&amp;apos;
System info: host: &amp;apos;guille&amp;apos;, ip: &amp;apos;192.168.0.151&amp;apos;, os.name: &amp;apos;Linux&amp;apos;, os.arch: &amp;apos;amd64&amp;apos;, os.version: &amp;apos;5.4.0-110-generic&amp;apos;, java.version: &amp;apos;11.0.15&amp;apos;
Driver info: org.openqa.selenium.firefox.FirefoxDriver
Capabilities {acceptInsecureCerts: true, browserName: firefox, browserVersion: 100.0, moz:accessibilityChecks: false, moz:buildID: 20220428192727, moz:debuggerAddress: localhost:60816, moz:geckodriverVersion: 0.31.0, moz:headless: false, moz:processID: 27951, moz:profile: /tmp/rust_mozprofilecaqpla, moz:shutdownTimeout: 60000, moz:useNonSpecCompliantPointerOrigin: false, moz:webdriverClick: true, pageLoadStrategy: normal, platformName: LINUX, platformVersion: 5.4.0-110-generic, proxy: Proxy(), se:cdp: ws://localhost:60816/devtoo..., se:cdpVersion: 85.0, setWindowRect: true, strictFileInteractability: false, timeouts: {implicit: 0, pageLoad: 300000, script: 30000}, unhandledPromptBehavior: dismiss and notify}
Session ID: a08b7e49-987a-455a-afe6-cb95256b1ac8">
      <![CDATA[org.openqa.selenium.TimeoutException: Expected condition failed: waiting for visibility of element located by By.id: didomi-notice-agree-button (tried for 10 second(s) with 500 milliseconds interval)
Build info: version: '4.2.1', revision: 'ac4d0fdd4a'
System info: host: 'guille', ip: '192.168.0.151', os.name: 'Linux', os.arch: 'amd64', os.version: '5.4.0-110-generic', java.version: '11.0.15'
Driver info: org.openqa.selenium.firefox.FirefoxDriver
Capabilities {acceptInsecureCerts: true, browserName: firefox, browserVersion: 100.0, moz:accessibilityChecks: false, moz:buildID: 20220428192727, moz:debuggerAddress: localhost:60816, moz:geckodriverVersion: 0.31.0, moz:headless: false, moz:processID: 27951, moz:profile: /tmp/rust_mozprofilecaqpla, moz:shutdownTimeout: 60000, moz:useNonSpecCompliantPointerOrigin: false, moz:webdriverClick: true, pageLoadStrategy: normal, platformName: LINUX, platformVersion: 5.4.0-110-generic, proxy: Proxy(), se:cdp: ws://localhost:60816/devtoo..., se:cdpVersion: 85.0, setWindowRect: true, strictFileInteractability: false, timeouts: {implicit: 0, pageLoad: 300000, script: 30000}, unhandledPromptBehavior: dismiss and notify}
Session ID: a08b7e49-987a-455a-afe6-cb95256b1ac8
at org.openqa.selenium.support.ui.WebDriverWait.timeoutException(WebDriverWait.java:87)
at org.openqa.selenium.support.ui.FluentWait.until(FluentWait.java:231)
at pages.Start.waitVisibility(Start.java:41)
at pages.Start.click(Start.java:22)
at pages.HomePage.goToBarceloHotel(HomePage.java:43)
at tests.LoginTests.succesfullLoginTest(LoginTests.java:24)
at java.base/java.util.ArrayList.forEach(ArrayList.java:1541)
... Removed 27 stack frames]]>
    </failure>
  </testcase> <!-- succesfullLoginTest -->
  <testcase classname="tests.SearchTests" name="succesSearchTest" time="14.511"/>
</testsuite> <!-- Tests -->
